# WARNING: JMH lock is ignored by user request, make sure no other JMH instances are running
# JMH version: 1.36
# VM version: JDK 21-internal, Eclipse OpenJ9 VM, master-f14707ff6
# *** WARNING: This VM is not supported by JMH. The produced benchmark data can be completely wrong.
# VM invoker: /home/arjun/OpenJ9/builds/jdk/bin/java
# VM options: -Xms4G -Xmx12G
# Blackhole mode: full + dont-inline hint (auto-detected, use -Djmh.blackhole.autoDetect=false to disable)
# Warmup: 3 iterations, 10 s each
# Measurement: 2 iterations, 10 s each
# Timeout: 10 min per iteration
# Threads: 1 thread, will synchronize iterations
# Benchmark mode: Average time, time/op
# Benchmark: in.ac.iitmandi.compl.Harness.runBoxedNonValueAnalysis

# Run progress: 0.00% complete, ETA 00:06:40
# Fork: 1 of 2
# Warmup Iteration   1: 118.944 ms/op
# Warmup Iteration   2: 75.921 ms/op
# Warmup Iteration   3: 76.399 ms/op
Iteration   1: 76.197 ms/op
Iteration   2: 78.289 ms/op

# Run progress: 12.50% complete, ETA 00:10:00
# Fork: 2 of 2
# Warmup Iteration   1: 105.759 ms/op
# Warmup Iteration   2: 81.663 ms/op
# Warmup Iteration   3: 74.939 ms/op
Iteration   1: 74.174 ms/op
Iteration   2: 72.186 ms/op


Result "in.ac.iitmandi.compl.Harness.runBoxedNonValueAnalysis":
  75.211 ±(99.9%) 16.964 ms/op [Average]
  (min, avg, max) = (72.186, 75.211, 78.289), stdev = 2.625
  CI (99.9%): [58.247, 92.175] (assumes normal distribution)


# JMH version: 1.36
# VM version: JDK 21-internal, Eclipse OpenJ9 VM, master-f14707ff6
# *** WARNING: This VM is not supported by JMH. The produced benchmark data can be completely wrong.
# VM invoker: /home/arjun/OpenJ9/builds/jdk/bin/java
# VM options: -Xms4G -Xmx12G
# Blackhole mode: full + dont-inline hint (auto-detected, use -Djmh.blackhole.autoDetect=false to disable)
# Warmup: 3 iterations, 10 s each
# Measurement: 2 iterations, 10 s each
# Timeout: 10 min per iteration
# Threads: 1 thread, will synchronize iterations
# Benchmark mode: Average time, time/op
# Benchmark: in.ac.iitmandi.compl.Harness.runBoxedNonValueAnalysisWithData

# Run progress: 25.00% complete, ETA 00:07:31
# Fork: 1 of 2
# Warmup Iteration   1: 46.810 ms/op
# Warmup Iteration   2: 31.307 ms/op
# Warmup Iteration   3: 30.991 ms/op
Iteration   1: 32.420 ms/op
Iteration   2: 32.616 ms/op

# Run progress: 37.50% complete, ETA 00:05:54
# Fork: 2 of 2
# Warmup Iteration   1: 48.587 ms/op
# Warmup Iteration   2: 29.998 ms/op
# Warmup Iteration   3: 29.872 ms/op
Iteration   1: 30.386 ms/op
Iteration   2: 28.797 ms/op


Result "in.ac.iitmandi.compl.Harness.runBoxedNonValueAnalysisWithData":
  31.055 ±(99.9%) 11.707 ms/op [Average]
  (min, avg, max) = (28.797, 31.055, 32.616), stdev = 1.812
  CI (99.9%): [19.348, 42.761] (assumes normal distribution)


# JMH version: 1.36
# VM version: JDK 21-internal, Eclipse OpenJ9 VM, master-f14707ff6
# *** WARNING: This VM is not supported by JMH. The produced benchmark data can be completely wrong.
# VM invoker: /home/arjun/OpenJ9/builds/jdk/bin/java
# VM options: -Xms4G -Xmx12G
# Blackhole mode: full + dont-inline hint (auto-detected, use -Djmh.blackhole.autoDetect=false to disable)
# Warmup: 3 iterations, 10 s each
# Measurement: 2 iterations, 10 s each
# Timeout: 10 min per iteration
# Threads: 1 thread, will synchronize iterations
# Benchmark mode: Average time, time/op
# Benchmark: in.ac.iitmandi.compl.Harness.runBoxedValueAnalysis

# Run progress: 50.00% complete, ETA 00:04:29
# Fork: 1 of 2
# Warmup Iteration   1: 207.031 ms/op
# Warmup Iteration   2: 195.630 ms/op
# Warmup Iteration   3: 190.530 ms/op
Iteration   1: 183.296 ms/op
Iteration   2: 184.055 ms/op

# Run progress: 62.50% complete, ETA 00:03:20
# Fork: 2 of 2
# Warmup Iteration   1: 206.437 ms/op
# Warmup Iteration   2: 193.906 ms/op
# Warmup Iteration   3: 183.976 ms/op
Iteration   1: 194.724 ms/op
Iteration   2: 177.704 ms/op


Result "in.ac.iitmandi.compl.Harness.runBoxedValueAnalysis":
  184.945 ±(99.9%) 45.930 ms/op [Average]
  (min, avg, max) = (177.704, 184.945, 194.724), stdev = 7.108
  CI (99.9%): [139.014, 230.875] (assumes normal distribution)


# JMH version: 1.36
# VM version: JDK 21-internal, Eclipse OpenJ9 VM, master-f14707ff6
# *** WARNING: This VM is not supported by JMH. The produced benchmark data can be completely wrong.
# VM invoker: /home/arjun/OpenJ9/builds/jdk/bin/java
# VM options: -Xms4G -Xmx12G
# Blackhole mode: full + dont-inline hint (auto-detected, use -Djmh.blackhole.autoDetect=false to disable)
# Warmup: 3 iterations, 10 s each
# Measurement: 2 iterations, 10 s each
# Timeout: 10 min per iteration
# Threads: 1 thread, will synchronize iterations
# Benchmark mode: Average time, time/op
# Benchmark: in.ac.iitmandi.compl.Harness.runBoxedValueAnalysisWithData

# Run progress: 75.00% complete, ETA 00:02:10
# Fork: 1 of 2
# Warmup Iteration   1: 99.932 ms/op
# Warmup Iteration   2: 86.930 ms/op
# Warmup Iteration   3: 91.643 ms/op
Iteration   1: 89.253 ms/op
Iteration   2: 88.362 ms/op

# Run progress: 87.50% complete, ETA 00:01:03
# Fork: 2 of 2
# Warmup Iteration   1: 116.352 ms/op
# Warmup Iteration   2: 92.026 ms/op
# Warmup Iteration   3: 87.599 ms/op
Iteration   1: 90.071 ms/op
Iteration   2: 90.130 ms/op


Result "in.ac.iitmandi.compl.Harness.runBoxedValueAnalysisWithData":
  89.454 ±(99.9%) 5.369 ms/op [Average]
  (min, avg, max) = (88.362, 89.454, 90.130), stdev = 0.831
  CI (99.9%): [84.086, 94.823] (assumes normal distribution)


# Run complete. Total time: 00:08:24

REMEMBER: The numbers below are just data. To gain reusable insights, you need to follow up on
why the numbers are the way they are. Use profilers (see -prof, -lprof), design factorial
experiments, perform baseline and negative tests that provide experimental control, make sure
the benchmarking environment is safe on JVM/OS/HW level, ask for reviews from the domain experts.
Do not assume the numbers tell you what you want them to tell.

Benchmark                                 Mode  Cnt    Score    Error  Units
Harness.runBoxedNonValueAnalysis          avgt    4   75.211 ± 16.964  ms/op
Harness.runBoxedNonValueAnalysisWithData  avgt    4   31.055 ± 11.707  ms/op
Harness.runBoxedValueAnalysis             avgt    4  184.945 ± 45.930  ms/op
Harness.runBoxedValueAnalysisWithData     avgt    4   89.454 ±  5.369  ms/op
